<?xml version="1.0" encoding="UTF-8"?>
<!-- Generated by org.testng.reporters.JUnitReportReporter -->
<testsuite hostname="DESKTOP-U9OHJGK" failures="0" tests="8" name="TestCases.WebDevelopmentTest" time="182.935" errors="0" timestamp="15 Aug 2020 19:14:45 GMT" skipped="0">
  <testcase classname="TestCases.WebDevelopmentTest" name="WebDevPhoneLink" time="23.820"/>
  <testcase classname="TestCases.WebDevelopmentTest" name="WebDevEmailLink" time="19.339"/>
  <testcase classname="TestCases.WebDevelopmentTest" name="WebDevFacebookLink" time="23.696"/>
  <testcase classname="TestCases.WebDevelopmentTest" name="WebDevTwitterLink" time="27.092"/>
  <testcase classname="TestCases.WebDevelopmentTest" name="WebDevLinkedInLink" time="21.500"/>
  <testcase classname="TestCases.WebDevelopmentTest" name="WebDevYoutubeLink" time="27.912"/>
  <testcase classname="TestCases.WebDevelopmentTest" name="WebDevInstagramLink" time="19.891"/>
  <testcase classname="TestCases.WebDevelopmentTest" name="WebDevPhotoViewer" time="19.685"/>
</testsuite> <!-- TestCases.WebDevelopmentTest -->
