<?xml version="1.0" encoding="UTF-8"?>
<!-- Generated by org.testng.reporters.JUnitReportReporter -->
<testsuite hostname="DESKTOP-U9OHJGK" failures="0" tests="7" name="TestCases.AboutUsTest" time="154.021" errors="0" timestamp="15 Aug 2020 19:40:43 GMT" skipped="0">
  <testcase classname="TestCases.AboutUsTest" name="AboutUsPhoneLink" time="23.277"/>
  <testcase classname="TestCases.AboutUsTest" name="AboutUsEmailLink" time="19.069"/>
  <testcase classname="TestCases.AboutUsTest" name="AboutUsFacebookLink" time="21.763"/>
  <testcase classname="TestCases.AboutUsTest" name="AboutUsTwitterLink" time="25.002"/>
  <testcase classname="TestCases.AboutUsTest" name="AboutUsYoutubeLink" time="23.507"/>
  <testcase classname="TestCases.AboutUsTest" name="AboutUsInstagramLink" time="21.328"/>
  <testcase classname="TestCases.AboutUsTest" name="AboutUsLinkedInLink" time="20.075"/>
</testsuite> <!-- TestCases.AboutUsTest -->
