<?xml version="1.0" encoding="UTF-8"?>
<!-- Generated by org.testng.reporters.JUnitReportReporter -->
<testsuite hostname="DESKTOP-U9OHJGK" failures="0" tests="8" name="TestCases.ServicesTest" time="197.370" errors="0" timestamp="15 Aug 2020 19:10:39 GMT" skipped="0">
  <testcase classname="TestCases.ServicesTest" name="ServicesPhoneLink" time="20.301"/>
  <testcase classname="TestCases.ServicesTest" name="ServicesEmailLink" time="24.480"/>
  <testcase classname="TestCases.ServicesTest" name="ServicesFacebookLink" time="24.133"/>
  <testcase classname="TestCases.ServicesTest" name="ServicesTwitterLink" time="26.798"/>
  <testcase classname="TestCases.ServicesTest" name="ServicesYoutubeLink" time="29.117"/>
  <testcase classname="TestCases.ServicesTest" name="ServicesInstagramLink" time="28.742"/>
  <testcase classname="TestCases.ServicesTest" name="ServicesLinkedInLink" time="19.409"/>
  <testcase classname="TestCases.ServicesTest" name="ServicesWebDevelopmentLink" time="24.390"/>
</testsuite> <!-- TestCases.ServicesTest -->
