<?xml version="1.0" encoding="UTF-8"?>
<!-- Generated by org.testng.reporters.JUnitReportReporter -->
<testsuite hostname="DESKTOP-U9OHJGK" failures="0" tests="36" name="TestCases.HomeTest" time="1139.373" errors="0" timestamp="14 Aug 2020 22:22:32 GMT" skipped="0">
  <testcase classname="TestCases.HomeTest" name="homePhoneLink" time="28.491"/>
  <testcase classname="TestCases.HomeTest" name="homeEmailLink" time="26.090"/>
  <testcase classname="TestCases.HomeTest" name="homeFacebookLink" time="28.640"/>
  <testcase classname="TestCases.HomeTest" name="homeTwitterLink" time="34.073"/>
  <testcase classname="TestCases.HomeTest" name="homeYoutubeLink" time="33.465"/>
  <testcase classname="TestCases.HomeTest" name="homeInstagramLink" time="29.077"/>
  <testcase classname="TestCases.HomeTest" name="homeLinkedInLink" time="37.977"/>
  <testcase classname="TestCases.HomeTest" name="homeServiceLink" time="32.947"/>
  <testcase classname="TestCases.HomeTest" name="homeTrainingLink" time="29.379"/>
  <testcase classname="TestCases.HomeTest" name="homeCarrerLink" time="28.869"/>
  <testcase classname="TestCases.HomeTest" name="homeEventsLink" time="28.214"/>
  <testcase classname="TestCases.HomeTest" name="homeMoreAboutUsLink" time="31.249"/>
  <testcase classname="TestCases.HomeTest" name="homeContactUsBtnLink" time="32.138"/>
  <testcase classname="TestCases.HomeTest" name="homeWebDevServiceReadMore" time="28.799"/>
  <testcase classname="TestCases.HomeTest" name="homeSoftwareTestingServiceReadMore" time="30.745"/>
  <testcase classname="TestCases.HomeTest" name="homeItConsultancyServiceReadMore" time="31.121"/>
  <testcase classname="TestCases.HomeTest" name="homeTrainingServiceReadMore" time="29.052"/>
  <testcase classname="TestCases.HomeTest" name="homeWebDevServiceNavMenu" time="32.409"/>
  <testcase classname="TestCases.HomeTest" name="homeSoftwareTestingServiceNavMenu" time="29.983"/>
  <testcase classname="TestCases.HomeTest" name="homeItConsultancyServiceNavMenu" time="32.392"/>
  <testcase classname="TestCases.HomeTest" name="homeTrainingServiceNavMenu" time="28.996"/>
  <testcase classname="TestCases.HomeTest" name="homeOtherCoursesCarousal" time="31.164"/>
  <testcase classname="TestCases.HomeTest" name="homeWhoWeAreReadMoreLink" time="47.714"/>
  <testcase classname="TestCases.HomeTest" name="homeReviewCarousal" time="27.339"/>
  <testcase classname="TestCases.HomeTest" name="homeVideoTutorial" time="29.201"/>
  <testcase classname="TestCases.HomeTest" name="homeUpcomingEventsLeftBtn" time="30.393"/>
  <testcase classname="TestCases.HomeTest" name="homeUpcomingEventsRightBtn" time="30.354"/>
  <testcase classname="TestCases.HomeTest" name="homeUpcomingEventsMoreEventsLink" time="29.594"/>
  <testcase classname="TestCases.HomeTest" name="homeWeCanHelpYouPhoneLink" time="35.857"/>
  <testcase classname="TestCases.HomeTest" name="homeFooterFacebookLink" time="30.361"/>
  <testcase classname="TestCases.HomeTest" name="homeFooterTwitterLink" time="41.811"/>
  <testcase classname="TestCases.HomeTest" name="homeFooterYoutubeLink" time="34.899"/>
  <testcase classname="TestCases.HomeTest" name="homeFooterInstagramLink" time="37.268"/>
  <testcase classname="TestCases.HomeTest" name="homeFooterLinkedInLink" time="28.097"/>
  <testcase classname="TestCases.HomeTest" name="homeFooterSubscribeBadEmail" time="35.019"/>
  <testcase classname="TestCases.HomeTest" name="homeFooterSubscribeGoodEmail" time="26.196"/>
</testsuite> <!-- TestCases.HomeTest -->
